<?xml version="1.0" encoding="UTF-8"?>
<coverage generated="1528141542446" clover="3.2.0">
  <project timestamp="1528141542447" name="All files">
    <metrics statements="23" coveredstatements="17" conditionals="8" coveredconditionals="4" methods="7" coveredmethods="7" elements="38" coveredelements="28" complexity="0" loc="23" ncloc="23" packages="1" files="1" classes="1">
      <file name="01_aquarium.js" path="/Users/yuanqin/Documents/decathlon/project/fewlines/workspace/essai/essai7/camp2_exercises/06_react_redux/01_es6_fundamentals/01_aquarium/01_aquarium.js">
        <metrics statements="23" coveredstatements="17" conditionals="8" coveredconditionals="4" methods="7" coveredmethods="7"/>
        <line num="12" count="4" type="stmt"/>
        <line num="13" count="4" type="stmt"/>
        <line num="17" count="1" type="stmt"/>
        <line num="21" count="1" type="stmt"/>
        <line num="25" count="1" type="stmt"/>
        <line num="26" count="1" type="stmt"/>
        <line num="27" count="1" type="stmt"/>
        <line num="28" count="2" type="cond" truecount="3" falsecount="1"/>
        <line num="29" count="2" type="stmt"/>
        <line num="31" count="0" type="stmt"/>
        <line num="35" count="1" type="cond" truecount="1" falsecount="1"/>
        <line num="36" count="1" type="stmt"/>
        <line num="37" count="1" type="stmt"/>
        <line num="38" count="0" type="cond" truecount="0" falsecount="2"/>
        <line num="39" count="0" type="stmt"/>
        <line num="40" count="0" type="stmt"/>
        <line num="42" count="0" type="stmt"/>
        <line num="43" count="0" type="stmt"/>
        <line num="50" count="5" type="stmt"/>
        <line num="51" count="5" type="stmt"/>
        <line num="52" count="5" type="stmt"/>
        <line num="58" count="3" type="stmt"/>
        <line num="63" count="1" type="stmt"/>
      </file>
    </metrics>
  </project>
</coverage>
