TN:
SF:/Users/yuanqin/Documents/decathlon/project/fewlines/workspace/essai/essai7/camp2_exercises/06_react_redux/01_es6_fundamentals/01_aquarium/01_aquarium.js
FN:11,(anonymous_0)
FN:16,(anonymous_1)
FN:20,(anonymous_2)
FN:24,(anonymous_3)
FN:27,(anonymous_4)
FN:49,(anonymous_5)
FN:57,(anonymous_6)
FNF:7
FNH:7
FNDA:4,(anonymous_0)
FNDA:1,(anonymous_1)
FNDA:1,(anonymous_2)
FNDA:1,(anonymous_3)
FNDA:2,(anonymous_4)
FNDA:5,(anonymous_5)
FNDA:3,(anonymous_6)
DA:12,4
DA:13,4
DA:17,1
DA:21,1
DA:25,1
DA:26,1
DA:27,1
DA:28,2
DA:29,2
DA:31,0
DA:35,1
DA:36,1
DA:37,1
DA:38,0
DA:39,0
DA:40,0
DA:42,0
DA:43,0
DA:50,5
DA:51,5
DA:52,5
DA:58,3
DA:63,1
LF:23
LH:17
BRDA:28,0,0,2
BRDA:28,0,1,0
BRDA:28,1,0,2
BRDA:28,1,1,1
BRDA:35,2,0,1
BRDA:35,2,1,0
BRDA:38,3,0,0
BRDA:38,3,1,0
BRF:8
BRH:4
end_of_record
